Flow report for DE0_NANO
Sat Oct  6 13:28:13 2018
Quartus II 64-Bit Version 14.1.0 Build 186 12/03/2014 SJ Web Edition


---------------------
; Table of Contents ;
---------------------
  1. Legal Notice
  2. Flow Summary
  3. Flow Settings
  4. Flow Non-Default Global Settings
  5. Flow Elapsed Time
  6. Flow OS Summary
  7. Flow Log
  8. Flow Messages
  9. Flow Suppressed Messages



----------------
; Legal Notice ;
----------------
Copyright (C) 1991-2014 Altera Corporation. All rights reserved.
Your use of Altera Corporation's design tools, logic functions 
and other software and tools, and its AMPP partner logic 
functions, and any output files from any of the foregoing 
(including device programming or simulation files), and any 
associated documentation or information are expressly subject 
to the terms and conditions of the Altera Program License 
Subscription Agreement, the Altera Quartus II License Agreement,
the Altera MegaCore Function License Agreement, or other 
applicable license agreement, including, without limitation, 
that your use is for the sole purpose of programming logic 
devices manufactured by Altera and sold by Altera or its 
authorized distributors.  Please refer to the applicable 
agreement for further details.



+---------------------------------------------------------------------------------+
; Flow Summary                                                                    ;
+------------------------------------+--------------------------------------------+
; Flow Status                        ; Successful - Sat Oct  6 13:28:13 2018      ;
; Quartus II 64-Bit Version          ; 14.1.0 Build 186 12/03/2014 SJ Web Edition ;
; Revision Name                      ; DE0_NANO                                   ;
; Top-level Entity Name              ; processor_arm                              ;
; Family                             ; Cyclone IV E                               ;
; Device                             ; EP4CE22F17C6                               ;
; Timing Models                      ; Final                                      ;
; Total logic elements               ; 1,123                                      ;
;     Total combinational functions  ; 850                                        ;
;     Dedicated logic registers      ; 506                                        ;
; Total registers                    ; 506                                        ;
; Total pins                         ; 132                                        ;
; Total virtual pins                 ; 0                                          ;
; Total memory bits                  ; 10,240                                     ;
; Embedded Multiplier 9-bit elements ; 0                                          ;
; Total PLLs                         ; 0                                          ;
+------------------------------------+--------------------------------------------+


+-----------------------------------------+
; Flow Settings                           ;
+-------------------+---------------------+
; Option            ; Setting             ;
+-------------------+---------------------+
; Start date & time ; 10/06/2018 13:27:39 ;
; Main task         ; Compilation         ;
; Revision Name     ; DE0_NANO            ;
+-------------------+---------------------+


+--------------------------------------------------------------------------------------------------------------------------------------------------------+
; Flow Non-Default Global Settings                                                                                                                       ;
+--------------------------------------+---------------------------------------+--------------------------------------+---------------+------------------+
; Assignment Name                      ; Value                                 ; Default Value                        ; Entity Name   ; Section Id       ;
+--------------------------------------+---------------------------------------+--------------------------------------+---------------+------------------+
; COMPILER_SIGNATURE_ID                ; 0.153884325930513                     ; --                                   ; --            ; --               ;
; EDA_DESIGN_INSTANCE_NAME             ; NA                                    ; --                                   ; --            ; processor_arm_tb ;
; EDA_DESIGN_INSTANCE_NAME             ; NA                                    ; --                                   ; --            ; DE0_NANO_arm_tb  ;
; EDA_NATIVELINK_SIMULATION_TEST_BENCH ; processor_arm_tb                      ; --                                   ; --            ; eda_simulation   ;
; EDA_OUTPUT_DATA_FORMAT               ; Vhdl                                  ; --                                   ; --            ; eda_simulation   ;
; EDA_SIMULATION_TOOL                  ; ModelSim-Altera (VHDL)                ; <None>                               ; --            ; --               ;
; EDA_TEST_BENCH_ENABLE_STATUS         ; TEST_BENCH_MODE                       ; --                                   ; --            ; eda_simulation   ;
; EDA_TEST_BENCH_FILE                  ; testbenchs/processor_arm_tb.vhd       ; --                                   ; --            ; processor_arm_tb ;
; EDA_TEST_BENCH_FILE                  ; testbenchs/DE0_NANO_arm_tb.vhd        ; --                                   ; --            ; DE0_NANO_arm_tb  ;
; EDA_TEST_BENCH_MODULE_NAME           ; processor_arm_tb                      ; --                                   ; --            ; processor_arm_tb ;
; EDA_TEST_BENCH_MODULE_NAME           ; DE0_NANO_arm_tb                       ; --                                   ; --            ; DE0_NANO_arm_tb  ;
; EDA_TEST_BENCH_NAME                  ; processor_arm_tb                      ; --                                   ; --            ; eda_simulation   ;
; EDA_TEST_BENCH_NAME                  ; DE0_NANO_arm_tb                       ; --                                   ; --            ; eda_simulation   ;
; MAX_CORE_JUNCTION_TEMP               ; 85                                    ; --                                   ; --            ; --               ;
; MIN_CORE_JUNCTION_TEMP               ; 0                                     ; --                                   ; --            ; --               ;
; OUTPUT_IO_TIMING_FAR_END_VMEAS       ; Half Signal Swing                     ; --                                   ; --            ; --               ;
; OUTPUT_IO_TIMING_FAR_END_VMEAS       ; Half Signal Swing                     ; --                                   ; --            ; --               ;
; OUTPUT_IO_TIMING_NEAR_END_VMEAS      ; Half Vccio                            ; --                                   ; --            ; --               ;
; OUTPUT_IO_TIMING_NEAR_END_VMEAS      ; Half Vccio                            ; --                                   ; --            ; --               ;
; PARTITION_COLOR                      ; 16764057                              ; --                                   ; processor_arm ; Top              ;
; PARTITION_FITTER_PRESERVATION_LEVEL  ; PLACEMENT_AND_ROUTING                 ; --                                   ; processor_arm ; Top              ;
; PARTITION_NETLIST_TYPE               ; SOURCE                                ; --                                   ; processor_arm ; Top              ;
; POWER_BOARD_THERMAL_MODEL            ; None (CONSERVATIVE)                   ; --                                   ; --            ; --               ;
; POWER_PRESET_COOLING_SOLUTION        ; 23 MM HEAT SINK WITH 200 LFPM AIRFLOW ; --                                   ; --            ; --               ;
; PROJECT_IP_REGENERATION_POLICY       ; ALWAYS_REGENERATE_IP                  ; SKIP_REGENERATING_IP_IF_HDL_MODIFIED ; --            ; --               ;
; TOP_LEVEL_ENTITY                     ; processor_arm                         ; DE0_NANO                             ; --            ; --               ;
; VHDL_INPUT_VERSION                   ; VHDL_2008                             ; VHDL_1993                            ; --            ; --               ;
; VHDL_SHOW_LMF_MAPPING_MESSAGES       ; Off                                   ; --                                   ; --            ; --               ;
+--------------------------------------+---------------------------------------+--------------------------------------+---------------+------------------+


+--------------------------------------------------------------------------------------------------------------------------+
; Flow Elapsed Time                                                                                                        ;
+----------------------+--------------+-------------------------+---------------------+------------------------------------+
; Module Name          ; Elapsed Time ; Average Processors Used ; Peak Virtual Memory ; Total CPU Time (on all processors) ;
+----------------------+--------------+-------------------------+---------------------+------------------------------------+
; Analysis & Synthesis ; 00:00:34     ; 1.0                     ; 1003 MB             ; 00:00:22                           ;
; Total                ; 00:00:34     ; --                      ; --                  ; 00:00:22                           ;
+----------------------+--------------+-------------------------+---------------------+------------------------------------+


+----------------------------------------------------------------------------------------+
; Flow OS Summary                                                                        ;
+----------------------+------------------+----------------+------------+----------------+
; Module Name          ; Machine Hostname ; OS Name        ; OS Version ; Processor type ;
+----------------------+------------------+----------------+------------+----------------+
; Analysis & Synthesis ; virtui1          ; Ubuntu 18.04.1 ; 18         ; x86_64         ;
+----------------------+------------------+----------------+------------+----------------+


------------
; Flow Log ;
------------
quartus_map --read_settings_files=on --write_settings_files=off DE0_NANO -c DE0_NANO



